Timestamp	Filename	Error	Message
2021-06-15 19:41:57.295 -0500	Task Master.fmp12	0	Import operations started
2021-06-15 19:41:57.296 -0500	Task Master.fmp12	0	Import of fields from clipboard started
2021-06-15 19:41:57.301 -0500	Project_Task	0	fields imported : 6
2021-06-15 19:41:57.301 -0500	Task Master.fmp12	0	Import completed
2021-06-15 19:51:05.928 -0500	Task Master.fmp12	0	Import operations committed
2021-06-15 19:51:05.928 -0500	Task Master.fmp12	0	==================================================================
2021-06-15 20:18:03.747 -0500	Task Master.fmp12	0	Import operations started
2021-06-15 20:18:03.748 -0500	Task Master.fmp12	0	Import of fields from clipboard started
2021-06-15 20:18:03.752 -0500	Team	0	fields imported : 6
2021-06-15 20:18:03.753 -0500	Task Master.fmp12	0	Import completed
2021-06-15 20:18:31.845 -0500	Task Master.fmp12	0	Import of fields from clipboard started
2021-06-15 20:18:31.850 -0500	Member	0	fields imported : 6
2021-06-15 20:18:31.850 -0500	Task Master.fmp12	0	Import completed
2021-06-15 20:23:11.273 -0500	Task Master.fmp12	0	Import operations committed
2021-06-15 20:23:11.274 -0500	Task Master.fmp12	0	==================================================================
2021-06-16 09:22:02.708 -0500	Task Master.fmp12	0	Import operations started
2021-06-16 09:22:02.710 -0500	Task Master.fmp12	0	Import of fields from clipboard started
2021-06-16 09:22:02.714 -0500	Comment	0	fields imported : 6
2021-06-16 09:22:02.714 -0500	Task Master.fmp12	0	Import completed
2021-06-16 09:22:23.285 -0500	Task Master.fmp12	0	Import operations committed
2021-06-16 09:22:23.286 -0500	Task Master.fmp12	0	==================================================================
2021-06-16 09:25:01.217 -0500	Task Master.fmp12	0	Import operations started
2021-06-16 09:25:01.217 -0500	Task Master.fmp12	0	Import of fields from clipboard started
2021-06-16 09:25:01.221 -0500	Comment Attachment	0	fields imported : 6
2021-06-16 09:25:01.221 -0500	Task Master.fmp12	0	Import completed
2021-06-16 09:25:10.090 -0500	Task Master.fmp12	0	Import operations committed
2021-06-16 09:25:10.090 -0500	Task Master.fmp12	0	==================================================================
2021-06-16 12:16:20.463 -0500	Task Master.fmp12	0	Import of script steps from clipboard started
2021-06-16 12:16:20.465 -0500	tsk: New Task	0	script steps imported : 1
2021-06-16 12:16:20.465 -0500	Task Master.fmp12	0	Import completed
2021-06-16 12:17:50.917 -0500	Task Master.fmp12	0	Import of script steps from clipboard started
2021-06-16 12:17:50.918 -0500	gen: resize card for scrollbar	0	script steps imported : 1
2021-06-16 12:17:50.918 -0500	Task Master.fmp12	0	Import completed
2021-06-16 12:18:30.232 -0500	Task Master.fmp12	0	Import of script steps from clipboard started
2021-06-16 12:18:30.234 -0500	tsk: Edit Task	0	script steps imported : 1
2021-06-16 12:18:30.234 -0500	Task Master.fmp12	0	Import completed
2021-06-16 18:14:10.846 -0500	Task Master.fmp12	0	Import operations started
2021-06-16 18:14:10.847 -0500	Task Master.fmp12	0	Import of fields from clipboard started
2021-06-16 18:14:10.851 -0500	Activity	0	fields imported : 6
2021-06-16 18:14:10.851 -0500	Task Master.fmp12	0	Import completed
2021-06-16 18:24:54.226 -0500	Task Master.fmp12	0	Import operations committed
2021-06-16 18:24:54.226 -0500	Task Master.fmp12	0	==================================================================
2021-06-16 21:10:10.813 -0500	Task Master.fmp12	0	Import of script steps from clipboard started
2021-06-16 21:10:10.815 -0500	act: Stop Time	0	script steps imported : 3
2021-06-16 21:10:10.816 -0500	Task Master.fmp12	0	Import completed
